######## START ENTRY ########I: AdafruitDHT_avg.py: 2019-11-20 17:47:21.276702 | DHT22: 10 readings pending...
E: AdafruitDHT_avg.py: Caught exception: 'ValueError'. DHT22 reading failed.
Retrying... x1
#1
	humidity: 53.5999984741
	temperature: 20.7999992371
#2
	humidity: 53.2000007629
	temperature: 20.7999992371
E: AdafruitDHT_avg.py: Caught exception: 'ValueError'. DHT22 reading failed.
Retrying... x1
#3
	humidity: 53.2000007629
	temperature: 20.7999992371
#4
	humidity: 53.2000007629
	temperature: 20.7999992371
#5
	humidity: 53.0999984741
	temperature: 20.7999992371
E: AdafruitDHT_avg.py: Caught exception: 'ValueError'. DHT22 reading failed.
Retrying... x1
#6
	humidity: 53.0999984741
	temperature: 20.7999992371
#7
	humidity: 53.0999984741
	temperature: 20.7999992371
#8
	humidity: 53.0999984741
	temperature: 20.7999992371
#9
	humidity: 53.0999984741
	temperature: 20.7999992371
E: AdafruitDHT_avg.py: Caught exception: 'ValueError'. DHT22 reading failed.
Retrying... x1
#10
	humidity: 53.0
	temperature: 20.7999992371
2019-11-20 17:47:43.307272 | DHT22: Finished.
Temp=20.8*  Humidity=53.2%
I: pm25pms5003_avg.py: 2019-11-20 17:47:43.901235 | PMS5003: 10 readings pending...
#1
	pm1: 28
	pm10: 47
	pm25: 47
#2
	pm1: 27
	pm10: 51
	pm25: 51
#3
	pm1: 27
	pm10: 47
	pm25: 46
#4
	pm1: 28
	pm10: 49
	pm25: 48
#5
	pm1: 29
	pm10: 47
	pm25: 47
#6
	pm1: 29
	pm10: 47
	pm25: 46
#7
	pm1: 28
	pm10: 46
	pm25: 45
#8
	pm1: 27
	pm10: 46
	pm25: 45
#9
	pm1: 27
	pm10: 46
	pm25: 44
#10
	pm1: 32
	pm10: 59
	pm25: 56
I: pm25pms5003.py: 2019-11-20 17:47:56.391894 | PMS5003: Finished.
pm1: 28.2
pm10: 48.5
pm25: 47.5
######## START ENTRY ########
2019-11-20 17:51:19.236565
I: AdafruitDHT_avg.py: 2019-11-20 17:51:19.437322 | DHT22: 10 readings pending...
#1
	humidity: 52.7999992371
	temperature: 20.8999996185
#2
	humidity: 52.7999992371
	temperature: 20.8999996185
#3
	humidity: 52.7999992371
	temperature: 20.8999996185
#4
	humidity: 52.7999992371
	temperature: 20.8999996185
#5
	humidity: 52.7999992371
	temperature: 20.8999996185
W: AdafruitDHT_avg.py: Caught exception: 'ValueError'. DHT22 reading failed.
Retrying... x1
#6
	humidity: 52.9000015259
	temperature: 20.8999996185
W: AdafruitDHT_avg.py: Caught exception: 'ValueError'. DHT22 reading failed.
Retrying... x1
W: AdafruitDHT_avg.py: Caught exception: 'ValueError'. DHT22 reading failed.
Retrying... x2
#7
	humidity: 52.9000015259
	temperature: 20.8999996185
#8
	humidity: 52.9000015259
	temperature: 20.8999996185
#9
	humidity: 52.9000015259
	temperature: 20.8999996185
W: AdafruitDHT_avg.py: Caught exception: 'ValueError'. DHT22 reading failed.
Retrying... x1
W: AdafruitDHT_avg.py: Caught exception: 'ValueError'. DHT22 reading failed.
Retrying... x2
#10
	humidity: 52.9000015259
	temperature: 20.8999996185
2019-11-20 17:51:42.990661 | DHT22: Finished.
Temp=20.9*  Humidity=52.9%
I: pm25pms5003_avg.py: 2019-11-20 17:51:43.603000 | PMS5003: 10 readings pending...
#1
	pm1: 35
	pm10: 39
	pm25: 39
#2
	pm1: 34
	pm10: 44
	pm25: 44
#3
	pm1: 35
	pm10: 46
	pm25: 46
#4
	pm1: 33
	pm10: 46
	pm25: 46
#5
	pm1: 32
	pm10: 44
	pm25: 44
#6
	pm1: 34
	pm10: 48
	pm25: 47
#7
	pm1: 33
	pm10: 47
	pm25: 46
#8
	pm1: 33
	pm10: 46
	pm25: 46
#9
	pm1: 32
	pm10: 44
	pm25: 43
#10
	pm1: 34
	pm10: 47
	pm25: 46
I: pm25pms5003.py: 2019-11-20 17:51:56.093625 | PMS5003: Finished.
pm1: 33.5
pm10: 45.1
pm25: 44.7
